<?xml version="1.0" encoding="UTF-8" ?>
<testsuite errors="0" failures="0" hostname="DESKTOP-79UM434" name="com.khoabd.mathutil.core.test.MathUtilityTest" skipped="0" tests="2" time="0.079" timestamp="2023-02-16T06:30:54">
  <properties>
    <property name="libs.jsp-compiler.javadoc" value="" />
    <property name="netbeans.autoupdate.country" value="US" />
    <property name="libs.jakartaee-web-api-8.0.src" value="" />
    <property name="libs.graaljs.maven-pom" value="" />
    <property name="javac.test.classpath" value="E:\NetBeans-16\netbeans\platform\modules\ext\junit-4.13.2.jar:E:\NetBeans-16\netbeans\platform\modules\ext\junit-jupiter-api-5.6.0.jar:E:\NetBeans-16\netbeans\platform\modules\ext\hamcrest-core-1.3.jar:build/classes:C:\Program Files\NetBeans-16\netbeans\platform\modules\ext\hamcrest-core-1.3.jar:C:\Program Files\NetBeans-16\netbeans\platform\modules\ext\junit-4.13.2.jar:E:\NetBeans-16\netbeans\platform\modules\ext\junit-4.13.2.jar:hamcrest-core-1.3.jar" />
    <property name="libs.jsf20.maven-pom" value="" />
    <property name="javac.test.sourcepath" value="D:\FPT\Semester 05\SWT301\mathuil-ant\build\empty" />
    <property name="maven.defaultProjectBuilder.disableGlobalModelCache" value="true" />
    <property name="libs.spring-webmvc4.0.src" value="" />
    <property name="ant.core.lib" value="E:\NetBeans-16\netbeans\extide\ant\lib\ant.jar" />
    <property name="javadoc.windowtitle" value="" />
    <property name="main.class.file" value="com\khoabd\mathuil\main\Main.class" />
    <property name="libs.jsp-compilation.javadoc" value="" />
    <property name="user.dir" value="D:\FPT\Semester 05\SWT301\mathuil-ant" />
    <property name="libs.javaee-api-7.0.src" value="" />
    <property name="java.vm.version" value="25.202-b08" />
    <property name="libs.jakartaee-web-api-8.0.maven-pom" value="" />
    <property name="libs.eclipselinkmodelgen.src" value="" />
    <property name="jlink.additionalmodules" value="" />
    <property name="javadoc.notree" value="false" />
    <property name="netbeans.autoupdate.version" value="1.23" />
    <property name="libs.javaee-web-api-6.0.classpath" value="E:\NetBeans-16\netbeans\enterprise\modules\ext\javaee-web-api-6.0.jar" />
    <property name="ant.file.type.mathuil-ant-impl" value="file" />
    <property name="javac.profile.cmd.line.arg" value="" />
    <property name="jdk.home" value="C:\Program Files\Java\jdk1.8.0_202" />
    <property name="javadoc.noindex" value="false" />
    <property name="sun.os.patch.level" value="" />
    <property name="java.vm.specification.name" value="Java Virtual Machine Specification" />
    <property name="netbeans.autoupdate.variant" value="" />
    <property name="have.tests" value="true" />
    <property name="org.xml.sax.driver" value="com.sun.org.apache.xerces.internal.jaxp.SAXParserImpl$JAXPSAXParser" />
    <property name="libs.hamcrest.classpath" value="E:\NetBeans-16\netbeans\platform\modules\ext\hamcrest-core-1.3.jar" />
    <property name="os.name" value="Windows 10" />
    <property name="libs.jakartaee-web-api-9.0.javadoc" value="E:\NetBeans-16\netbeans\enterprise\docs\jakartaee9-doc-api.jar" />
    <property name="libs.javaee-endorsed-api-7.0.maven-pom" value="" />
    <property name="ap.proc.none.internal" value="" />
    <property name="libs.restapi.javadoc" value="" />
    <property name="libs.JWSAntTasks.maven-pom" value="" />
    <property name="libs.jstl.classpath" value="E:\NetBeans-16\netbeans\enterprise\modules\ext\jstl-impl.jar;E:\NetBeans-16\netbeans\enterprise\modules\ext\jstl-api.jar" />
    <property name="libs.testng.src" value="" />
    <property name="libs.spring-webmvc3.0.src" value="" />
    <property name="libs.restapi.classpath" value="E:\NetBeans-16\netbeans\enterprise\modules\ext\jaxrs-2.1\jakarta.ws.rs-api-2.1.6.jar" />
    <property name="java.vendor.url.bug" value="http://bugreport.sun.com/bugreport/" />
    <property name="libs.jaxb.maven-pom" value="" />
    <property name="os.arch" value="amd64" />
    <property name="libs.eclipselink.src" value="" />
    <property name="user.name" value="JinerGenkai" />
    <property name="libs.jsf12.javadoc" value="E:\NetBeans-16\netbeans\enterprise\docs\javaee-doc-api.jar" />
    <property name="tmp.manifest.file" value="D:\FPT\Semester 05\SWT301\mathuil-ant\build\null1196808692" />
    <property name="copylibs.rebase" value="true" />
    <property name="libs.spring-webmvc5.0.javadoc" value="" />
    <property name="libs.spring-framework500.classpath" value="E:\NetBeans-16\netbeans\platform\modules\org-apache-commons-logging.jar;E:\NetBeans-16\netbeans\java\modules\ext\cglib-2.2.jar;E:\NetBeans-16\netbeans\java\modules\ext\spring-5\spring-aop-5.2.9.RELEASE.jar;E:\NetBeans-16\netbeans\java\modules\ext\spring-5\spring-aspects-5.2.9.RELEASE.jar;E:\NetBeans-16\netbeans\java\modules\ext\spring-5\spring-beans-5.2.9.RELEASE.jar;E:\NetBeans-16\netbeans\java\modules\ext\spring-5\spring-context-5.2.9.RELEASE.jar;E:\NetBeans-16\netbeans\java\modules\ext\spring-5\spring-context-indexer-5.2.9.RELEASE.jar;E:\NetBeans-16\netbeans\java\modules\ext\spring-5\spring-context-support-5.2.9.RELEASE.jar;E:\NetBeans-16\netbeans\java\modules\ext\spring-5\spring-core-5.2.9.RELEASE.jar;E:\NetBeans-16\netbeans\java\modules\ext\spring-5\spring-expression-5.2.9.RELEASE.jar;E:\NetBeans-16\netbeans\java\modules\ext\spring-5\spring-instrument-5.2.9.RELEASE.jar;E:\NetBeans-16\netbeans\java\modules\ext\spring-5\spring-jcl-5.2.9.RELEASE.jar;E:\NetBeans-16\netbeans\java\modules\ext\spring-5\spring-jdbc-5.2.9.RELEASE.jar;E:\NetBeans-16\netbeans\java\modules\ext\spring-5\spring-jms-5.2.9.RELEASE.jar;E:\NetBeans-16\netbeans\java\modules\ext\spring-5\spring-messaging-5.2.9.RELEASE.jar;E:\NetBeans-16\netbeans\java\modules\ext\spring-5\spring-orm-5.2.9.RELEASE.jar;E:\NetBeans-16\netbeans\java\modules\ext\spring-5\spring-oxm-5.2.9.RELEASE.jar;E:\NetBeans-16\netbeans\java\modules\ext\spring-5\spring-test-5.2.9.RELEASE.jar;E:\NetBeans-16\netbeans\java\modules\ext\spring-5\spring-tx-5.2.9.RELEASE.jar;E:\NetBeans-16\netbeans\java\modules\ext\spring-5\spring-web-5.2.9.RELEASE.jar;E:\NetBeans-16\netbeans\java\modules\ext\spring-5\spring-webflux-5.2.9.RELEASE.jar;E:\NetBeans-16\netbeans\java\modules\ext\spring-5\spring-webmvc-5.2.9.RELEASE.jar;E:\NetBeans-16\netbeans\java\modules\ext\spring-5\spring-websocket-5.2.9.RELEASE.jar" />
    <property name="libs.spring-webmvc3.0.maven-pom" value="" />
    <property name="sun.java.command" value="org.apache.tools.ant.taskdefs.optional.junit.JUnitTestRunner com.khoabd.mathutil.core.test.MathUtilityTest skipNonTests=false filtertrace=true haltOnError=false haltOnFailure=false showoutput=true outputtoformatters=true logfailedtests=true threadid=0 logtestlistenerevents=true formatter=org.apache.tools.ant.taskdefs.optional.junit.BriefJUnitResultFormatter formatter=org.apache.tools.ant.taskdefs.optional.junit.XMLJUnitResultFormatter,D:\FPT\Semester 05\SWT301\mathuil-ant\build\test\results\TEST-com.khoabd.mathutil.core.test.MathUtilityTest.xml crashfile=D:\FPT\Semester 05\SWT301\mathuil-ant\build\junitvmwatcher6644090047953324540.properties propsfile=D:\FPT\Semester 05\SWT301\mathuil-ant\build\junit5895557206003554454.properties" />
    <property name="build.classes.dir" value="build/classes" />
    <property name="build.sysclasspath" value="ignore" />
    <property name="manifest.encoding" value="UTF-8" />
    <property name="ap.supported.internal" value="true" />
    <property name="java.failonerror" value="true" />
    <property name="libs.javaee-api-8.0.maven-pom" value="" />
    <property name="run.modulepath" value="" />
    <property name="libs.javaee-endorsed-api-7.0.javadoc" value="E:\NetBeans-16\netbeans\enterprise\docs\javaee-doc-api.jar" />
    <property name="libs.jaxws21.javadoc" value="E:\NetBeans-16\netbeans\java\docs\jaxws-api-doc.zip" />
    <property name="libs.spring-webmvc4.0.javadoc" value="" />
    <property name="includes" value="**" />
    <property name="user.country" value="US" />
    <property name="manifest.file" value="manifest.mf" />
    <property name="javadoc.encoding" value="UTF-8" />
    <property name="javac.classpath" value="E:\NetBeans-16\netbeans\platform\modules\ext\junit-4.13.2.jar:E:\NetBeans-16\netbeans\platform\modules\ext\junit-jupiter-api-5.6.0.jar:E:\NetBeans-16\netbeans\platform\modules\ext\hamcrest-core-1.3.jar" />
    <property name="libs.jsp-compilation-syscp.src" value="" />
    <property name="libs.spring-framework400.classpath" value="E:\NetBeans-16\netbeans\platform\modules\org-apache-commons-logging.jar;E:\NetBeans-16\netbeans\java\modules\ext\cglib-2.2.jar;E:\NetBeans-16\netbeans\java\modules\ext\spring-4\spring-aop-4.3.29.RELEASE.jar;E:\NetBeans-16\netbeans\java\modules\ext\spring-4\spring-aspects-4.3.29.RELEASE.jar;E:\NetBeans-16\netbeans\java\modules\ext\spring-4\spring-beans-4.3.29.RELEASE.jar;E:\NetBeans-16\netbeans\java\modules\ext\spring-4\spring-context-4.3.29.RELEASE.jar;E:\NetBeans-16\netbeans\java\modules\ext\spring-4\spring-context-support-4.3.29.RELEASE.jar;E:\NetBeans-16\netbeans\java\modules\ext\spring-4\spring-core-4.3.29.RELEASE.jar;E:\NetBeans-16\netbeans\java\modules\ext\spring-4\spring-expression-4.3.29.RELEASE.jar;E:\NetBeans-16\netbeans\java\modules\ext\spring-4\spring-instrument-4.3.29.RELEASE.jar;E:\NetBeans-16\netbeans\java\modules\ext\spring-4\spring-instrument-tomcat-4.3.29.RELEASE.jar;E:\NetBeans-16\netbeans\java\modules\ext\spring-4\spring-jdbc-4.3.29.RELEASE.jar;E:\NetBeans-16\netbeans\java\modules\ext\spring-4\spring-jms-4.3.29.RELEASE.jar;E:\NetBeans-16\netbeans\java\modules\ext\spring-4\spring-messaging-4.3.29.RELEASE.jar;E:\NetBeans-16\netbeans\java\modules\ext\spring-4\spring-orm-4.3.29.RELEASE.jar;E:\NetBeans-16\netbeans\java\modules\ext\spring-4\spring-oxm-4.3.29.RELEASE.jar;E:\NetBeans-16\netbeans\java\modules\ext\spring-4\spring-test-4.3.29.RELEASE.jar;E:\NetBeans-16\netbeans\java\modules\ext\spring-4\spring-tx-4.3.29.RELEASE.jar;E:\NetBeans-16\netbeans\java\modules\ext\spring-4\spring-web-4.3.29.RELEASE.jar;E:\NetBeans-16\netbeans\java\modules\ext\spring-4\spring-webmvc-4.3.29.RELEASE.jar;E:\NetBeans-16\netbeans\java\modules\ext\spring-4\spring-webmvc-portlet-4.3.29.RELEASE.jar;E:\NetBeans-16\netbeans\java\modules\ext\spring-4\spring-websocket-4.3.29.RELEASE.jar" />
    <property name="debug-transport" value="dt_shmem" />
    <property name="netbeans.home" value="E:\NetBeans-16\netbeans\platform" />
    <property name="build.compiler.emacs" value="true" />
    <property name="libs.javaee-web-api-6.0.src" value="" />
    <property name="libs.jsp-compilation-syscp.classpath" value="E:\NetBeans-16\netbeans\extide\ant\lib\ant.jar;E:\NetBeans-16\netbeans\enterprise\modules\ext\servlet3.1-jsp2.3-api.jar;E:\NetBeans-16\netbeans\enterprise\modules\ext\glassfish-jspparser-4.0.jar;E:\NetBeans-16\netbeans\enterprise\modules\ext\jstl-impl.jar;E:\NetBeans-16\netbeans\enterprise\modules\ext\jsf-2_2\javax.faces.jar" />
    <property name="javac.modulepath" value="" />
    <property name="java.endorsed.dirs" value="C:\Program Files\Java\jdk1.8.0_202\jre\lib\endorsed" />
    <property name="libs.groovy-all.src" value="" />
    <property name="libs.junit_5.src" value="E:\NetBeans-16\netbeans\platform\docs\junit-jupiter-api-5.6.0-sources.jar;E:\NetBeans-16\netbeans\platform\docs\junit-jupiter-params-5.6.0-sources.jar;E:\NetBeans-16\netbeans\platform\docs\junit-jupiter-engine-5.6.0-sources.jar" />
    <property name="libs.jakartaee-api-8.0.classpath" value="E:\NetBeans-16\netbeans\enterprise\modules\ext\jakarta.jakartaee-api-8.0.0.jar" />
    <property name="netbeans.dynamic.classpath" value="E:\NetBeans-16\netbeans\platform\core\asm-9.3.jar;E:\NetBeans-16\netbeans\platform\core\asm-commons-9.3.jar;E:\NetBeans-16\netbeans\platform\core\asm-tree-9.3.jar;E:\NetBeans-16\netbeans\platform\core\core-base.jar;E:\NetBeans-16\netbeans\platform\core\core.jar;E:\NetBeans-16\netbeans\platform\core\org-netbeans-libs-asm.jar;E:\NetBeans-16\netbeans\platform\core\org-openide-filesystems-compat8.jar;E:\NetBeans-16\netbeans\platform\core\org-openide-filesystems.jar;E:\NetBeans-16\netbeans\nb\core\org-netbeans-upgrader.jar;E:\NetBeans-16\netbeans\nb\core\locale\core_nb.jar" />
    <property name="java.vm.specification.version" value="1.8" />
    <property name="plugin.manager.check.updates" value="false" />
    <property name="libs.primefaces.classpath" value="E:\NetBeans-16\netbeans\enterprise\modules\ext\primefaces\primefaces-5.0.jar" />
    <property name="libs.javaee-api-6.0.classpath" value="E:\NetBeans-16\netbeans\enterprise\modules\ext\javaee-api-6.0.jar" />
    <property name="libs.groovy-all.maven-pom" value="" />
    <property name="netbeans.productversion" value="Apache NetBeans IDE 16" />
    <property name="libs.jaxws21.src" value="" />
    <property name="application.title" value="mathuil-ant" />
    <property name="do.archive" value="true" />
    <property name="libs.spring-webmvc5.0.classpath" value="E:\NetBeans-16\netbeans\java\modules\ext\spring-5\spring-webmvc-5.2.9.RELEASE.jar" />
    <property name="netbeans.autoupdate.language" value="en" />
    <property name="java.vendor" value="Oracle Corporation" />
    <property name="libs.javaee-api-6.0.javadoc" value="E:\NetBeans-16\netbeans\enterprise\docs\javaee-doc-api.jar" />
    <property name="jar.index.metainf" value="false" />
    <property name="javac.debug" value="true" />
    <property name="javadoc.splitindex" value="true" />
    <property name="file.separator" value="\" />
    <property name="libs.junit_4.maven-pom" value="" />
    <property name="mkdist.disabled" value="false" />
    <property name="javac.test.processorpath" value="E:\NetBeans-16\netbeans\platform\modules\ext\junit-4.13.2.jar:E:\NetBeans-16\netbeans\platform\modules\ext\junit-jupiter-api-5.6.0.jar:E:\NetBeans-16\netbeans\platform\modules\ext\hamcrest-core-1.3.jar:build/classes:C:\Program Files\NetBeans-16\netbeans\platform\modules\ext\hamcrest-core-1.3.jar:C:\Program Files\NetBeans-16\netbeans\platform\modules\ext\junit-4.13.2.jar:E:\NetBeans-16\netbeans\platform\modules\ext\junit-4.13.2.jar:hamcrest-core-1.3.jar" />
    <property name="netbeans.buildnumber" value="16-321935444b183aea1c4ff255d8d2ab8d50c60606" />
    <property name="libs.JWSAntTasks.javadoc" value="" />
    <property name="ant.file.mathuil-ant-impl" value="D:\FPT\Semester 05\SWT301\mathuil-ant\nbproject\build-impl.xml" />
    <property name="build.generated.sources.dir" value="build/generated-sources" />
    <property name="user.variant" value="" />
    <property name="libs.eclipselinkmodelgen.classpath" value="E:\NetBeans-16\netbeans\java\modules\ext\eclipselink\org.eclipse.persistence.jpa.modelgen.processor-2.7.10.jar" />
    <property name="libs.javaee-endorsed-api-7.0.src" value="" />
    <property name="sun.java.launcher" value="SUN_STANDARD" />
    <property name="libs.jaxb.javadoc" value="E:\NetBeans-16\netbeans\ide\docs\jaxb-api-doc.jar" />
    <property name="libs.struts.classpath" value="E:\NetBeans-16\netbeans\enterprise\modules\ext\struts\antlr-2.7.2.jar;E:\NetBeans-16\netbeans\enterprise\modules\ext\struts\bsf-2.3.0.jar;E:\NetBeans-16\netbeans\enterprise\modules\ext\struts\commons-beanutils-1.8.0.jar;E:\NetBeans-16\netbeans\enterprise\modules\ext\struts\commons-chain-1.2.jar;E:\NetBeans-16\netbeans\enterprise\modules\ext\struts\commons-digester-1.8.jar;E:\NetBeans-16\netbeans\enterprise\modules\ext\struts\commons-fileupload-1.1.1.jar;E:\NetBeans-16\netbeans\enterprise\modules\ext\struts\commons-io-1.1.jar;E:\NetBeans-16\netbeans\enterprise\modules\ext\struts\commons-logging-1.0.4.jar;E:\NetBeans-16\netbeans\enterprise\modules\ext\struts\commons-validator-1.3.1.jar;E:\NetBeans-16\netbeans\enterprise\modules\ext\struts\jstl-1.0.2.jar;E:\NetBeans-16\netbeans\enterprise\modules\ext\struts\oro-2.0.8.jar;E:\NetBeans-16\netbeans\enterprise\modules\ext\struts\standard-1.0.6.jar;E:\NetBeans-16\netbeans\enterprise\modules\ext\struts\struts-core-1.3.10.jar;E:\NetBeans-16\netbeans\enterprise\modules\ext\struts\struts-el-1.3.10.jar;E:\NetBeans-16\netbeans\enterprise\modules\ext\struts\struts-extras-1.3.10.jar;E:\NetBeans-16\netbeans\enterprise\modules\ext\struts\struts-faces-1.3.10.jar;E:\NetBeans-16\netbeans\enterprise\modules\ext\struts\struts-mailreader-dao-1.3.10.jar;E:\NetBeans-16\netbeans\enterprise\modules\ext\struts\struts-scripting-1.3.10.jar;E:\NetBeans-16\netbeans\enterprise\modules\ext\struts\struts-taglib-1.3.10.jar;E:\NetBeans-16\netbeans\enterprise\modules\ext\struts\struts-tiles-1.3.10.jar" />
    <property name="ant.home" value="E:\NetBeans-16\netbeans\extide\ant" />
    <property name="libs.junit_4.src" value="E:\NetBeans-16\netbeans\platform\docs\junit-4.13.2-sources.jar" />
    <property name="libs.testng.classpath" value="E:\NetBeans-16\netbeans\platform\modules\ext\testng-6.14.3.jar;E:\NetBeans-16\netbeans\platform\modules\ext\jcommander-1.78.jar" />
    <property name="libs.absolutelayout.maven-pom" value="" />
    <property name="ant.java.version" value="1.8" />
    <property name="java.library.path" value="C:\Program Files\Java\jdk1.8.0_202\jre\bin;C:\WINDOWS\Sun\Java\bin;C:\WINDOWS\system32;C:\WINDOWS;C:\Program Files (x86)\Common Files\Oracle\Java\javapath;E:\VMware\bin\;C:\Program Files\AdoptOpenJDK\jdk-14.0.2.12-hotspot\bin;C:\WINDOWS\system32;C:\WINDOWS;C:\WINDOWS\System32\Wbem;C:\WINDOWS\System32\WindowsPowerShell\v1.0\;C:\WINDOWS\System32\OpenSSH\;E:\CodeBlocks\MinGW\bin;E:\Java\jdk8u172-b11\bin;E:\Java\jdk8u172-b11;C:\Program Files\Microsoft SQL Server\120\Tools\Binn\;E:\Neovim\bin;C:\Program Files\Microsoft SQL Server\130\Tools\Binn\;C:\Program Files\nodejs\;C:\Program Files\Git\cmd;C:\Program Files\dotnet\;C:\Program Files\Go\bin;C:\Program Files\Microsoft SQL Server\Client SDK\ODBC\170\Tools\Binn\;C:\Program Files (x86)\Microsoft SQL Server\150\Tools\Binn\;C:\Program Files\Microsoft SQL Server\150\Tools\Binn\;C:\Program Files\Microsoft SQL Server\150\DTS\Binn\;C:\Program Files (x86)\Microsoft SQL Server\150\DTS\Binn\;C:\Program Files\Azure Data Studio\bin;C:\Program Files\Java\jdk1.8.0_202\bin;E:\NetBeans-16\netbeans\extide\ant\bin;C:\Users\JinerGenkai\scoop\shims;E:\Python\Scripts\;E:\Python\;C:\Users\JinerGenkai\AppData\Local\Microsoft\WindowsApps;E:\Java\jdk8u172-b11;E:\Neovim\bin;E:\cmder;C:\Users\JinerGenkai\AppData\Roaming\npm;C:\Users\JinerGenkai\AppData\Local\Programs\Microsoft VS Code\bin;C:\Program Files\Java\jdk1.8.0_202\bin;.;C:\Users\JinerGenkai\go\bin;C:\Program Files\Azure Data Studio\bin;E:\GoLand 2022.1.2\bin;;C:\Users\JinerGenkai\AppData\Local\GitHubDesktop\bin;E:\Java\apache-maven-3.8.6\bin;;C:\Users\JinerGenkai\AppData\Local\Microsoft\WindowsApps;C:\Users\JinerGenkai\.dotnet\tools;." />
    <property name="javadoc.author" value="false" />
    <property name="libs.metro.maven-pom" value="" />
    <property name="java.util.logging.config.class" value="org.netbeans.core.startup.TopLogging" />
    <property name="libs.spring-framework400.src" value="" />
    <property name="libs.PostgreSQLDriver.src" value="" />
    <property name="libs.graaljs.javadoc" value="" />
    <property name="libs.jakartaee-web-api-9.0.maven-pom" value="" />
    <property name="libs.spring-framework500.javadoc" value="" />
    <property name="libs.graaljs.src" value="" />
    <property name="sun.arch.data.model" value="64" />
    <property name="basedir" value="D:\FPT\Semester 05\SWT301\mathuil-ant" />
    <property name="libs.jpa20-persistence.maven-pom" value="" />
    <property name="jar.compress" value="false" />
    <property name="libs.javaee-web-api-7.0.classpath" value="E:\NetBeans-16\netbeans\enterprise\modules\ext\javaee-web-api-7.0.jar" />
    <property name="path.separator" value=";" />
    <property name="libs.javaee-web-api-6.0.javadoc" value="E:\NetBeans-16\netbeans\enterprise\docs\javaee-doc-api.jar" />
    <property name="ant.junit.enabletestlistenerevents" value="true" />
    <property name="sun.io.unicode.encoding" value="UnicodeLittle" />
    <property name="libs.jaxws21.classpath" value="E:\NetBeans-16\netbeans\java\modules\ext\jaxws22\api\jakarta.jws-api.jar;E:\NetBeans-16\netbeans\java\modules\ext\jaxws22\api\jakarta.xml.soap-api.jar;E:\NetBeans-16\netbeans\java\modules\ext\jaxws22\api\jakarta.xml.ws-api.jar;E:\NetBeans-16\netbeans\java\modules\ext\jaxws22\FastInfoset.jar;E:\NetBeans-16\netbeans\java\modules\ext\jaxws22\gmbal-api-only.jar;E:\NetBeans-16\netbeans\java\modules\ext\jaxws22\ha-api.jar;E:\NetBeans-16\netbeans\java\modules\ext\jaxws22\jakarta.mail.jar;E:\NetBeans-16\netbeans\java\modules\ext\jaxws22\jaxws-rt.jar;E:\NetBeans-16\netbeans\java\modules\ext\jaxws22\jaxws-tools.jar;E:\NetBeans-16\netbeans\java\modules\ext\jaxws22\management-api.jar;E:\NetBeans-16\netbeans\java\modules\ext\jaxws22\mimepull.jar;E:\NetBeans-16\netbeans\java\modules\ext\jaxws22\policy.jar;E:\NetBeans-16\netbeans\java\modules\ext\jaxws22\saaj-impl.jar;E:\NetBeans-16\netbeans\java\modules\ext\jaxws22\stax-ex.jar;E:\NetBeans-16\netbeans\java\modules\ext\jaxws22\stax2-api.jar;E:\NetBeans-16\netbeans\java\modules\ext\jaxws22\streambuffer.jar;E:\NetBeans-16\netbeans\java\modules\ext\jaxws22\woodstox-core.jar;E:\NetBeans-16\netbeans\ide\modules\ext\jaxb\api\jaxb-api.jar;E:\NetBeans-16\netbeans\ide\modules\ext\jaxb\activation.jar;E:\NetBeans-16\netbeans\ide\modules\ext\jaxb\jaxb-impl.jar;E:\NetBeans-16\netbeans\ide\modules\ext\jaxb\jaxb-xjc.jar" />
    <property name="dist.jlink.output" value="dist/jlink/mathuil-ant" />
    <property name="libs.struts.src" value="" />
    <property name="compile.on.save" value="true" />
    <property name="apple.awt.graphics.UseQuartz" value="true" />
    <property name="file.reference.junit-4.13.2.jar-1" value="E:\NetBeans-16\netbeans\platform\modules\ext\junit-4.13.2.jar" />
    <property name="user.language" value="en" />
    <property name="testng.mode" value="testng" />
    <property name="libs.JAXB-ENDORSED.maven-pom" value="" />
    <property name="libs.eclipselink.maven-pom" value="" />
    <property name="org.netbeans.io.suspend" value="0" />
    <property name="application.vendor" value="Admin" />
    <property name="test.binaryincludes" value="&lt;nothing&gt;" />
    <property name="libs.primefaces.javadoc" value="" />
    <property name="libs.spring-framework300.maven-pom" value="" />
    <property name="run.test.classpath" value="E:\NetBeans-16\netbeans\platform\modules\ext\junit-4.13.2.jar:E:\NetBeans-16\netbeans\platform\modules\ext\junit-jupiter-api-5.6.0.jar:E:\NetBeans-16\netbeans\platform\modules\ext\hamcrest-core-1.3.jar:build/classes:C:\Program Files\NetBeans-16\netbeans\platform\modules\ext\hamcrest-core-1.3.jar:C:\Program Files\NetBeans-16\netbeans\platform\modules\ext\junit-4.13.2.jar:E:\NetBeans-16\netbeans\platform\modules\ext\junit-4.13.2.jar:hamcrest-core-1.3.jar:build/test/classes" />
    <property name="ant.project.invoked-targets" value="clean,jar" />
    <property name="test.binaryexcludes" value="" />
    <property name="sun.java2d.dpiaware" value="true" />
    <property name="https.nonProxyHosts" value="localhost|127.0.0.1|DESKTOP-79UM434" />
    <property name="libs.PostgreSQLDriver.maven-pom" value="" />
    <property name="java.class.version" value="52.0" />
    <property name="libs.javaee-endorsed-api-6.0.src" value="" />
    <property name="libs.eclipselink.javadoc" value="E:\NetBeans-16\netbeans\java\modules\ext\docs\jakarta.persistence-2.2.3-doc.zip" />
    <property name="libs.jsp-compilation.maven-pom" value="" />
    <property name="user.properties.file" value="C:\Users\JinerGenkai\AppData\Roaming\NetBeans\16\build.properties" />
    <property name="runtime.encoding" value="UTF-8" />
    <property name="file.encoding.pkg" value="sun.io" />
    <property name="sun.cpu.endian" value="little" />
    <property name="libs.JAXB-ENDORSED.javadoc" value="" />
    <property name="libs.JWSAntTasks.classpath" value="E:\NetBeans-16\netbeans\java\ant\extra\org-netbeans-modules-javawebstart-anttasks.jar" />
    <property name="libs.spring-webmvc4.0.maven-pom" value="" />
    <property name="libs.spring-framework300.src" value="" />
    <property name="libs.jstl.src" value="" />
    <property name="empty.dir" value="D:\FPT\Semester 05\SWT301\mathuil-ant\build\empty" />
    <property name="ant.file.type.mathuil-ant" value="file" />
    <property name="test.binarytestincludes" value="" />
    <property name="javadoc.preview" value="true" />
    <property name="libs.jpa20-persistence.javadoc" value="E:\NetBeans-16\netbeans\java\modules\ext\docs\jakarta.persistence-2.2.3-doc.zip" />
    <property name="java.home" value="C:\Program Files\Java\jdk1.8.0_202\jre" />
    <property name="libs.jsp-compilation.src" value="" />
    <property name="libs.jakartaee-web-api-8.0.javadoc" value="E:\NetBeans-16\netbeans\enterprise\docs\jakartaee8-doc-api.jar" />
    <property name="debug.test.classpath" value="E:\NetBeans-16\netbeans\platform\modules\ext\junit-4.13.2.jar:E:\NetBeans-16\netbeans\platform\modules\ext\junit-jupiter-api-5.6.0.jar:E:\NetBeans-16\netbeans\platform\modules\ext\hamcrest-core-1.3.jar:build/classes:C:\Program Files\NetBeans-16\netbeans\platform\modules\ext\hamcrest-core-1.3.jar:C:\Program Files\NetBeans-16\netbeans\platform\modules\ext\junit-4.13.2.jar:E:\NetBeans-16\netbeans\platform\modules\ext\junit-4.13.2.jar:hamcrest-core-1.3.jar:build/test/classes" />
    <property name="libs.javaee-endorsed-api-6.0.classpath" value="E:\NetBeans-16\netbeans\enterprise\modules\ext\javaee6-endorsed\javax.annotation.jar;E:\NetBeans-16\netbeans\enterprise\modules\ext\javaee6-endorsed\jaxb-api-osgi.jar;E:\NetBeans-16\netbeans\enterprise\modules\ext\javaee6-endorsed\webservices-api-osgi.jar" />
    <property name="libs.javaee-api-6.0.src" value="" />
    <property name="netbeans.importclass" value="org.netbeans.upgrade.AutoUpgrade" />
    <property name="ant.project.default-target" value="default" />
    <property name="annotation.processing.run.all.processors" value="true" />
    <property name="jna.nosys" value="false" />
    <property name="libs.PostgreSQLDriver.javadoc" value="" />
    <property name="libs.restlib.classpath" value="E:\NetBeans-16\netbeans\enterprise\modules\ext\jersey2\jakarta.annotation-api-1.3.5.jar;E:\NetBeans-16\netbeans\enterprise\modules\ext\jersey2\jakarta.persistence-api-2.2.3.jar;E:\NetBeans-16\netbeans\enterprise\modules\ext\jersey2\jakarta.servlet-api-4.0.4.jar;E:\NetBeans-16\netbeans\enterprise\modules\ext\jersey2\jakarta.validation-api-2.0.2.jar;E:\NetBeans-16\netbeans\enterprise\modules\ext\jersey2\jakarta.xml.bind-api-2.3.3.jar;E:\NetBeans-16\netbeans\enterprise\modules\ext\jersey2\jersey-client-2.34.jar;E:\NetBeans-16\netbeans\enterprise\modules\ext\jersey2\jersey-common-2.34.jar;E:\NetBeans-16\netbeans\enterprise\modules\ext\jersey2\jersey-server-2.34.jar;E:\NetBeans-16\netbeans\enterprise\modules\ext\jersey2\jersey-entity-filtering-2.34.jar;E:\NetBeans-16\netbeans\enterprise\modules\ext\jersey2\jersey-hk2-2.34.jar;E:\NetBeans-16\netbeans\enterprise\modules\ext\jersey2\jersey-media-moxy-2.34.jar;E:\NetBeans-16\netbeans\enterprise\modules\ext\jersey2\jersey-container-servlet-2.34.jar;E:\NetBeans-16\netbeans\enterprise\modules\ext\jersey2\jersey-container-servlet-core-2.34.jar;E:\NetBeans-16\netbeans\enterprise\modules\ext\jersey2\hk2-api-2.6.1.jar;E:\NetBeans-16\netbeans\enterprise\modules\ext\jersey2\hk2-locator-2.6.1.jar;E:\NetBeans-16\netbeans\enterprise\modules\ext\jersey2\hk2-utils-2.6.1.jar;E:\NetBeans-16\netbeans\enterprise\modules\ext\jersey2\jakarta.inject-2.6.1.jar;E:\NetBeans-16\netbeans\enterprise\modules\ext\jersey2\aopalliance-repackaged-2.6.1.jar;E:\NetBeans-16\netbeans\enterprise\modules\ext\jersey2\osgi.core-8.0.0.jar;E:\NetBeans-16\netbeans\enterprise\modules\ext\jersey2\osgi-resource-locator-1.0.3.jar;E:\NetBeans-16\netbeans\java\modules\ext\eclipselink\org.eclipse.persistence.core-2.7.10.jar;E:\NetBeans-16\netbeans\java\modules\ext\eclipselink\org.eclipse.persistence.asm-9.2.0.jar;E:\NetBeans-16\netbeans\java\modules\ext\eclipselink\org.eclipse.persistence.antlr-2.7.10.jar;E:\NetBeans-16\netbeans\java\modules\ext\eclipselink\org.eclipse.persistence.jpa-2.7.10.jar;E:\NetBeans-16\netbeans\java\modules\ext\eclipselink\org.eclipse.persistence.jpa.jpql-2.7.10.jar;E:\NetBeans-16\netbeans\java\modules\ext\eclipselink\org.eclipse.persistence.moxy-2.7.10.jar" />
    <property name="built-clean.properties" value="D:\FPT\Semester 05\SWT301\mathuil-ant\build\built-clean.properties" />
    <property name="netbeans.extbrowser.manual_chrome_plugin_install" value="yes" />
    <property name="libs.jakartaee-api-9.0.classpath" value="E:\NetBeans-16\netbeans\enterprise\modules\ext\jakarta.jakartaee-api-9.0.0.jar" />
    <property name="http.nonProxyHosts" value="localhost|127.0.0.1|DESKTOP-79UM434" />
    <property name="libs.junit_4.javadoc" value="E:\NetBeans-16\netbeans\platform\docs\junit-4.13.2-javadoc.jar" />
    <property name="javac.test.modulepath" value="" />
    <property name="libs.javaee-web-api-6.0.maven-pom" value="" />
    <property name="run.classpath" value="E:\NetBeans-16\netbeans\platform\modules\ext\junit-4.13.2.jar:E:\NetBeans-16\netbeans\platform\modules\ext\junit-jupiter-api-5.6.0.jar:E:\NetBeans-16\netbeans\platform\modules\ext\hamcrest-core-1.3.jar:build/classes" />
    <property name="jna.boot.library.name" value="jnidispatch-nb" />
    <property name="libs.javaee-endorsed-api-6.0.javadoc" value="E:\NetBeans-16\netbeans\enterprise\docs\javaee-doc-api.jar" />
    <property name="libs.javaee-api-7.0.classpath" value="E:\NetBeans-16\netbeans\enterprise\modules\ext\javaee-api-7.0.jar" />
    <property name="sun.awt.datatransfer.timeout" value="1000" />
    <property name="libs.jakartaee-api-9.0.src" value="" />
    <property name="libs.spring-webmvc3.0.javadoc" value="" />
    <property name="annotation.processing.enabled.in.editor" value="false" />
    <property name="nb.native.filechooser" value="false" />
    <property name="libs.restapi.src" value="" />
    <property name="sun.management.compiler" value="HotSpot 64-Bit Tiered Compilers" />
    <property name="javac.deprecation" value="false" />
    <property name="javadoc.use" value="true" />
    <property name="sun.java2d.noddraw" value="true" />
    <property name="libs.jsp-compiler.classpath" value="E:\NetBeans-16\netbeans\enterprise\ant\extra\jspcompile.jar" />
    <property name="javac.processorpath" value="E:\NetBeans-16\netbeans\platform\modules\ext\junit-4.13.2.jar:E:\NetBeans-16\netbeans\platform\modules\ext\junit-jupiter-api-5.6.0.jar:E:\NetBeans-16\netbeans\platform\modules\ext\hamcrest-core-1.3.jar" />
    <property name="libs.hamcrest.maven-pom" value="" />
    <property name="libs.junit_5.classpath" value="E:\NetBeans-16\netbeans\platform\modules\ext\junit-jupiter-api-5.6.0.jar;E:\NetBeans-16\netbeans\platform\modules\ext\junit-jupiter-params-5.6.0.jar;E:\NetBeans-16\netbeans\platform\modules\ext\junit-jupiter-engine-5.6.0.jar" />
    <property name="javac.compilerargs" value="" />
    <property name="ant.file" value="D:\FPT\Semester 05\SWT301\mathuil-ant\build.xml" />
    <property name="libs.jsf12.classpath" value="E:\NetBeans-16\netbeans\enterprise\modules\ext\jsf-1_2\jsf-api.jar;E:\NetBeans-16\netbeans\enterprise\modules\ext\jsf-1_2\jsf-impl.jar" />
    <property name="libs.jstl.maven-pom" value="" />
    <property name="libs.restapi.maven-pom" value="" />
    <property name="java.vm.specification.vendor" value="Oracle Corporation" />
    <property name="org.openide.major.version" value="IDE/1" />
    <property name="java.vm.name" value="Java HotSpot(TM) 64-Bit Server VM" />
    <property name="netbeans.user" value="C:\Users\JinerGenkai\AppData\Roaming\NetBeans\16" />
    <property name="javadoc.additionalparam" value="" />
    <property name="java.io.tmpdir" value="C:\Users\JINERG~1\AppData\Local\Temp\" />
    <property name="java.vendor.url" value="http://java.oracle.com/" />
    <property name="endorsed.classpath.cmd.line.arg" value="" />
    <property name="jna.loaded" value="true" />
    <property name="junit.available" value="true" />
    <property name="libs.javaee-web-api-8.0.classpath" value="E:\NetBeans-16\netbeans\enterprise\modules\ext\javaee-web-api-8.0.jar" />
    <property name="libs.jakartaee-api-9.0.javadoc" value="E:\NetBeans-16\netbeans\enterprise\docs\jakartaee9-doc-api.jar" />
    <property name="dist.jar.dir" value="D:\FPT\Semester 05\SWT301\mathuil-ant\dist" />
    <property name="libs.jsp-compiler.src" value="" />
    <property name="libs.jakartaee-web-api-9.0.classpath" value="E:\NetBeans-16\netbeans\enterprise\modules\ext\jakarta.jakartaee-web-api-9.0.0.jar" />
    <property name="sun.boot.library.path" value="C:\Program Files\Java\jdk1.8.0_202\jre\bin" />
    <property name="have.sources" value="true" />
    <property name="libs.graaljs.classpath" value="E:\NetBeans-16\netbeans\webcommon\modules\ext\js-20.3.0.jar;E:\NetBeans-16\netbeans\webcommon\modules\ext\js-launcher-20.3.0.jar;E:\NetBeans-16\netbeans\webcommon\modules\ext\regex-20.3.0.jar;E:\NetBeans-16\netbeans\webcommon\modules\ext\icu4j-67.1.jar;E:\NetBeans-16\netbeans\ide\modules\ext\graal-sdk-20.3.0.jar;E:\NetBeans-16\netbeans\ide\modules\ext\launcher-common-20.3.0.jar;E:\NetBeans-16\netbeans\ide\modules\ext\truffle-api-20.3.0.jar" />
    <property name="libs.hamcrest.javadoc" value="" />
    <property name="debug.classpath" value="E:\NetBeans-16\netbeans\platform\modules\ext\junit-4.13.2.jar:E:\NetBeans-16\netbeans\platform\modules\ext\junit-jupiter-api-5.6.0.jar:E:\NetBeans-16\netbeans\platform\modules\ext\hamcrest-core-1.3.jar:build/classes" />
    <property name="javac.external.vm" value="true" />
    <property name="javadoc.private" value="false" />
    <property name="libs.jakartaee-api-8.0.src" value="" />
    <property name="test.src.dir" value="test" />
    <property name="libs.jakartaee-web-api-9.0.src" value="" />
    <property name="libs.jsf20.classpath" value="E:\NetBeans-16\netbeans\enterprise\modules\ext\jsf-2_2\javax.faces.jar" />
    <property name="ap.processors.internal" value="" />
    <property name="dist.jlink.dir" value="dist/jlink" />
    <property name="libs.javaee-api-8.0.javadoc" value="E:\NetBeans-16\netbeans\enterprise\docs\javaee-doc-api.jar" />
    <property name="meta.inf.dir" value="src/META-INF" />
    <property name="javadoc.encoding.used" value="UTF-8" />
    <property name="dist.jar" value="dist/mathuil-ant.jar" />
    <property name="libs.spring-framework400.maven-pom" value="" />
    <property name="java.runtime.name" value="Java(TM) SE Runtime Environment" />
    <property name="debug.test.modulepath" value="" />
    <property name="ant.project.name" value="mathuil-ant" />
    <property name="libs.spring-webmvc5.0.src" value="" />
    <property name="flatlaf.updateUIOnSystemFontChange" value="false" />
    <property name="netbeans.hash.code" value="unique=NB_EXTIDE_JAVA_PHP_WEBCOMMON_WEBEE07f44688f-cc44-4ad3-a3f5-50560e2f9000_3686fc59-73bf-4583-b63e-91e404797ae4" />
    <property name="netbeans.default_userdir_root" value="C:\Users\JinerGenkai\AppData\Roaming\NetBeans" />
    <property name="libs.jsp-compilation-syscp.maven-pom" value="" />
    <property name="sun.cpu.isalist" value="amd64" />
    <property name="ant.file.mathuil-ant" value="D:\FPT\Semester 05\SWT301\mathuil-ant\build.xml" />
    <property name="libs.jakartaee-web-api-8.0.classpath" value="E:\NetBeans-16\netbeans\enterprise\modules\ext\jakarta.jakartaee-web-api-8.0.0.jar" />
    <property name="libs.spring-framework400.javadoc" value="" />
    <property name="libs.CopyLibs.javadoc" value="" />
    <property name="libs.jakartaee-api-8.0.maven-pom" value="" />
    <property name="javadoc.html5" value="false" />
    <property name="org.openide.specification.version" value="6.2" />
    <property name="user.home" value="C:\Users\JinerGenkai" />
    <property name="annotation.processing.processors.list" value="" />
    <property name="libs.primefaces.maven-pom" value="" />
    <property name="libs.javaee-api-6.0.maven-pom" value="" />
    <property name="libs.JWSAntTasks.src" value="" />
    <property name="jar.index" value="false" />
    <property name="libs.CopyLibs.maven-pom" value="" />
    <property name="libs.spring-framework300.javadoc" value="" />
    <property name="libs.absolutelayout.javadoc" value="" />
    <property name="java.specification.name" value="Java Platform API Specification" />
    <property name="libs.spring-webmvc5.0.maven-pom" value="" />
    <property name="do.archive+main.class.available" value="true" />
    <property name="java.specification.vendor" value="Oracle Corporation" />
    <property name="java.version" value="1.8.0_202" />
    <property name="run.jvmargs.ide" value="" />
    <property name="javadoc.version" value="false" />
    <property name="javac.processormodulepath" value="" />
    <property name="org.openide.version" value="deprecated" />
    <property name="platform.java" value="C:\Program Files\Java\jdk1.8.0_202\jre/bin/java" />
    <property name="source.encoding" value="UTF-8" />
    <property name="ap.cmd.line.internal" value="" />
    <property name="libs.eclipselinkmodelgen.maven-pom" value="" />
    <property name="libs.jsp-compilation-syscp.javadoc" value="" />
    <property name="libs.javaee-web-api-8.0.src" value="" />
    <property name="libs.javaee-endorsed-api-7.0.classpath" value="E:\NetBeans-16\netbeans\enterprise\modules\ext\javaee7-endorsed\javax.annotation-api.jar;E:\NetBeans-16\netbeans\enterprise\modules\ext\javaee7-endorsed\javax.xml.soap-api.jar;E:\NetBeans-16\netbeans\enterprise\modules\ext\javaee7-endorsed\jaxb-api-osgi.jar;E:\NetBeans-16\netbeans\enterprise\modules\ext\javaee7-endorsed\jaxws-api.jar;E:\NetBeans-16\netbeans\enterprise\modules\ext\javaee7-endorsed\jsr181-api.jar" />
    <property name="libs.eclipselinkmodelgen.javadoc" value="" />
    <property name="libs.metro.javadoc" value="E:\NetBeans-16\netbeans\enterprise\docs\webservices-api-javadoc.jar;E:\NetBeans-16\netbeans\enterprise\docs\webservices-extra-javadoc.jar;E:\NetBeans-16\netbeans\enterprise\docs\webservices-extra-api-javadoc.jar;E:\NetBeans-16\netbeans\enterprise\docs\webservices-rt-javadoc.jar;E:\NetBeans-16\netbeans\enterprise\docs\webservices-tools-javadoc.jar" />
    <property name="libs.struts.maven-pom" value="" />
    <property name="netbeans.home+have.tests" value="true" />
    <property name="annotation.processing.processor.options" value="" />
    <property name="libs.testng.maven-pom" value="" />
    <property name="libs.jaxb.src" value="" />
    <property name="work.dir" value="D:\FPT\Semester 05\SWT301\mathuil-ant" />
    <property name="libs.jaxb.classpath" value="E:\NetBeans-16\netbeans\ide\modules\ext\jaxb\jaxb-impl.jar;E:\NetBeans-16\netbeans\ide\modules\ext\jaxb\jaxb-xjc.jar;E:\NetBeans-16\netbeans\ide\modules\ext\jaxb\activation.jar;E:\NetBeans-16\netbeans\ide\modules\ext\jaxb\api\jaxb-api.jar" />
    <property name="do.depend" value="false" />
    <property name="dist.javadoc.dir" value="dist/javadoc" />
    <property name="libs.spring-webmvc3.0.classpath" value="E:\NetBeans-16\netbeans\java\modules\ext\spring-3.0\spring-webmvc-3.2.18.RELEASE.jar" />
    <property name="libs.javaee-web-api-7.0.maven-pom" value="" />
    <property name="libs.restlib.src" value="" />
    <property name="javac.source" value="1.8" />
    <property name="build.generated.dir" value="build/generated" />
    <property name="line.separator" value="&#xd;&#xa;" />
    <property name="libs.javaee-api-8.0.classpath" value="E:\NetBeans-16\netbeans\enterprise\modules\ext\javaee-api-8.0.jar" />
    <property name="java.specification.version" value="1.8" />
    <property name="java.vm.info" value="mixed mode" />
    <property name="libs.jaxws21.maven-pom" value="" />
    <property name="nb.junit.batch" value="true" />
    <property name="junit.forkmode" value="perTest" />
    <property name="file.reference.junit-jupiter-api-5.6.0.jar" value="E:\NetBeans-16\netbeans\platform\modules\ext\junit-jupiter-api-5.6.0.jar" />
    <property name="file.reference.hamcrest-core-1.3.jar" value="C:\Program Files\NetBeans-16\netbeans\platform\modules\ext\hamcrest-core-1.3.jar" />
    <property name="sun.boot.class.path" value="C:\Program Files\Java\jdk1.8.0_202\jre\lib\resources.jar;C:\Program Files\Java\jdk1.8.0_202\jre\lib\rt.jar;C:\Program Files\Java\jdk1.8.0_202\jre\lib\sunrsasign.jar;C:\Program Files\Java\jdk1.8.0_202\jre\lib\jsse.jar;C:\Program Files\Java\jdk1.8.0_202\jre\lib\jce.jar;C:\Program Files\Java\jdk1.8.0_202\jre\lib\charsets.jar;C:\Program Files\Java\jdk1.8.0_202\jre\lib\jfr.jar;C:\Program Files\Java\jdk1.8.0_202\jre\classes" />
    <property name="javac.target" value="1.8" />
    <property name="built-jar.properties" value="D:\FPT\Semester 05\SWT301\mathuil-ant\build\built-jar.properties" />
    <property name="build.test.classes.dir" value="build/test/classes" />
    <property name="src.dir" value="src" />
    <property name="javac.test.compilerargs" value="" />
    <property name="sun.awt.keepWorkingSetOnMinimize" value="true" />
    <property name="annotation.processing.enabled" value="true" />
    <property name="libs.jsf20.src" value="" />
    <property name="libs.jpa20-persistence.src" value="" />
    <property name="libs.jsf12.src" value="" />
    <property name="libs.struts.javadoc" value="E:\NetBeans-16\netbeans\enterprise\docs\struts-1.3.10-javadoc.zip" />
    <property name="libs.javaee-web-api-7.0.src" value="" />
    <property name="libs.primefaces.src" value="" />
    <property name="file.reference.junit-4.13.2.jar" value="C:\Program Files\NetBeans-16\netbeans\platform\modules\ext\junit-4.13.2.jar" />
    <property name="dist.dir" value="dist" />
    <property name="libs.groovy-all.javadoc" value="" />
    <property name="jlink.launcher" value="true" />
    <property name="testng.debug.mode" value="" />
    <property name="libs.groovy-all.classpath" value="E:\NetBeans-16\netbeans\groovy\modules\ext\groovy-3.0.8.jar;E:\NetBeans-16\netbeans\groovy\modules\ext\groovy-ant-3.0.8.jar" />
    <property name="javac.fork" value="true" />
    <property name="jlink.additionalparam" value="" />
    <property name="java.awt.printerjob" value="sun.awt.windows.WPrinterJob" />
    <property name="default.javac.source" value="1.8" />
    <property name="debug-transport-by-os" value="dt_shmem" />
    <property name="sun.jnu.encoding" value="Cp1252" />
    <property name="run.test.jvmargs" value="" />
    <property name="build.test.results.dir" value="build/test/results" />
    <property name="java.runtime.version" value="1.8.0_202-b08" />
    <property name="default.javac.target" value="1.8" />
    <property name="libs.junit_4.classpath" value="E:\NetBeans-16\netbeans\platform\modules\ext\junit-4.13.2.jar" />
    <property name="user.timezone" value="" />
    <property name="flatlaf.nativeLibraryPath" value="system" />
    <property name="nb.junit.single" value="false" />
    <property name="do.jar" value="true" />
    <property name="libs.javaee-endorsed-api-6.0.maven-pom" value="" />
    <property name="netbeans.dirs" value="E:\NetBeans-16\netbeans\nb;E:\NetBeans-16\netbeans\ergonomics;E:\NetBeans-16\netbeans\ide;E:\NetBeans-16\netbeans\extide;E:\NetBeans-16\netbeans\java;E:\NetBeans-16\netbeans\apisupport;E:\NetBeans-16\netbeans\webcommon;E:\NetBeans-16\netbeans\websvccommon;E:\NetBeans-16\netbeans\enterprise;E:\NetBeans-16\netbeans\mobility;E:\NetBeans-16\netbeans\profiler;E:\NetBeans-16\netbeans\python;E:\NetBeans-16\netbeans\php;E:\NetBeans-16\netbeans\identity;E:\NetBeans-16\netbeans\harness;E:\NetBeans-16\netbeans\cnd;E:\NetBeans-16\netbeans\cndext;E:\NetBeans-16\netbeans\cpplite;E:\NetBeans-16\netbeans\dlight;E:\NetBeans-16\netbeans\groovy;E:\NetBeans-16\netbeans\extra;E:\NetBeans-16\netbeans\javacard;E:\NetBeans-16\netbeans\javafx" />
    <property name="libs.spring-framework500.maven-pom" value="" />
    <property name="libs.jsf20.javadoc" value="E:\NetBeans-16\netbeans\enterprise\docs\javaee-doc-api.jar" />
    <property name="libs.jstl.javadoc" value="E:\NetBeans-16\netbeans\enterprise\docs\javaee-doc-api.jar" />
    <property name="java.ext.dirs" value="C:\Program Files\Java\jdk1.8.0_202\jre\lib\ext;C:\WINDOWS\Sun\Java\lib\ext" />
    <property name="libs.metro.src" value="" />
    <property name="endorsed.classpath" value="" />
    <property name="libs.absolutelayout.classpath" value="E:\NetBeans-16\netbeans\java\modules\ext\AbsoluteLayout.jar" />
    <property name="excludes" value="" />
    <property name="libs.metro.classpath" value="E:\NetBeans-16\netbeans\ide\modules\ext\jaxb\activation.jar;E:\NetBeans-16\netbeans\enterprise\modules\ext\metro\webservices-api.jar;E:\NetBeans-16\netbeans\enterprise\modules\ext\metro\webservices-extra-api.jar;E:\NetBeans-16\netbeans\enterprise\modules\ext\metro\webservices-extra.jar;E:\NetBeans-16\netbeans\enterprise\modules\ext\metro\webservices-rt.jar;E:\NetBeans-16\netbeans\enterprise\modules\ext\metro\webservices-tools.jar" />
    <property name="libs.restlib.maven-pom" value="" />
    <property name="apple.laf.useScreenMenuBar" value="true" />
    <property name="java.class.path" value="E:\NetBeans-16\netbeans\platform\modules\ext\junit-4.13.2.jar;E:\NetBeans-16\netbeans\platform\modules\ext\junit-jupiter-api-5.6.0.jar;E:\NetBeans-16\netbeans\platform\modules\ext\hamcrest-core-1.3.jar;D:\FPT\Semester 05\SWT301\mathuil-ant\build\classes;D:\FPT\Semester 05\SWT301\mathuil-ant\hamcrest-core-1.3.jar;D:\FPT\Semester 05\SWT301\mathuil-ant\build\test\classes;D:\FPT\Semester 05\SWT301\mathuil-ant;C:\Program Files\Java\jdk1.8.0_202\lib;C:\Program Files\Java\jdk1.8.0_202\jre\lib;E:\NetBeans-16\netbeans\extide\ant\lib\ant-launcher.jar;E:\NetBeans-16\netbeans\extide\ant\lib\ant.jar;E:\NetBeans-16\netbeans\extide\ant\lib\ant-junit.jar;E:\NetBeans-16\netbeans\extide\ant\lib\ant-junit4.jar" />
    <property name="libs.absolutelayout.src" value="" />
    <property name="libs.jakartaee-api-9.0.maven-pom" value="" />
    <property name="libs.jpa20-persistence.classpath" value="E:\NetBeans-16\netbeans\java\modules\ext\eclipselink\jakarta.persistence-2.2.3.jar" />
    <property name="libs.junit_5.javadoc" value="E:\NetBeans-16\netbeans\platform\docs\junit-jupiter-api-5.6.0-javadoc.jar;E:\NetBeans-16\netbeans\platform\docs\junit-jupiter-params-5.6.0-javadoc.jar;E:\NetBeans-16\netbeans\platform\docs\junit-jupiter-engine-5.6.0-javadoc.jar" />
    <property name="libs.spring-framework500.src" value="" />
    <property name="os.version" value="10.0" />
    <property name="application.args" value="" />
    <property name="libs.jakartaee-api-8.0.javadoc" value="E:\NetBeans-16\netbeans\enterprise\docs\jakartaee8-doc-api.jar" />
    <property name="libs.javaee-api-7.0.maven-pom" value="" />
    <property name="main.class.available" value="true" />
    <property name="sun.awt.enableExtraMouseButtons" value="true" />
    <property name="file.reference.hamcrest-core-1.3.jar-1" value="hamcrest-core-1.3.jar" />
    <property name="sun.desktop" value="windows" />
    <property name="jlink.launcher.name" value="mathuil-ant" />
    <property name="libs.restlib.javadoc" value="" />
    <property name="libs.JAXB-ENDORSED.classpath" value="E:\NetBeans-16\netbeans\ide\modules\ext\jaxb\api\jaxb-api.jar" />
    <property name="nb.internal.action.name" value="rebuild" />
    <property name="run.test.modulepath" value="" />
    <property name="libs.javaee-api-7.0.javadoc" value="E:\NetBeans-16\netbeans\enterprise\docs\javaee-doc-api.jar" />
    <property name="libs.eclipselink.classpath" value="E:\NetBeans-16\netbeans\java\modules\ext\eclipselink\org.eclipse.persistence.core-2.7.10.jar;E:\NetBeans-16\netbeans\java\modules\ext\eclipselink\org.eclipse.persistence.asm-9.2.0.jar;E:\NetBeans-16\netbeans\java\modules\ext\eclipselink\org.eclipse.persistence.antlr-2.7.10.jar;E:\NetBeans-16\netbeans\java\modules\ext\eclipselink\org.eclipse.persistence.jpa-2.7.10.jar;E:\NetBeans-16\netbeans\java\modules\ext\eclipselink\org.eclipse.persistence.jpa.jpql-2.7.10.jar;E:\NetBeans-16\netbeans\java\modules\ext\eclipselink\org.eclipse.persistence.moxy-2.7.10.jar;E:\NetBeans-16\netbeans\java\modules\ext\eclipselink\jakarta.persistence-2.2.3.jar" />
    <property name="java.awt.graphicsenv" value="sun.awt.Win32GraphicsEnvironment" />
    <property name="java.vm.vendor" value="Oracle Corporation" />
    <property name="libs.CopyLibs.classpath" value="E:\NetBeans-16\netbeans\java\ant\extra\org-netbeans-modules-java-j2seproject-copylibstask.jar" />
    <property name="libs.javaee-api-8.0.src" value="" />
    <property name="libs.spring-framework300.classpath" value="E:\NetBeans-16\netbeans\platform\modules\org-apache-commons-logging.jar;E:\NetBeans-16\netbeans\java\modules\ext\cglib-2.2.jar;E:\NetBeans-16\netbeans\java\modules\ext\spring-3.0\spring-aop-3.2.18.RELEASE.jar;E:\NetBeans-16\netbeans\java\modules\ext\spring-3.0\spring-aspects-3.2.18.RELEASE.jar;E:\NetBeans-16\netbeans\java\modules\ext\spring-3.0\spring-beans-3.2.18.RELEASE.jar;E:\NetBeans-16\netbeans\java\modules\ext\spring-3.0\spring-context-3.2.18.RELEASE.jar;E:\NetBeans-16\netbeans\java\modules\ext\spring-3.0\spring-context-support-3.2.18.RELEASE.jar;E:\NetBeans-16\netbeans\java\modules\ext\spring-3.0\spring-core-3.2.18.RELEASE.jar;E:\NetBeans-16\netbeans\java\modules\ext\spring-3.0\spring-expression-3.2.18.RELEASE.jar;E:\NetBeans-16\netbeans\java\modules\ext\spring-3.0\spring-instrument-3.2.18.RELEASE.jar;E:\NetBeans-16\netbeans\java\modules\ext\spring-3.0\spring-instrument-tomcat-3.2.18.RELEASE.jar;E:\NetBeans-16\netbeans\java\modules\ext\spring-3.0\spring-jdbc-3.2.18.RELEASE.jar;E:\NetBeans-16\netbeans\java\modules\ext\spring-3.0\spring-jms-3.2.18.RELEASE.jar;E:\NetBeans-16\netbeans\java\modules\ext\spring-3.0\spring-orm-3.2.18.RELEASE.jar;E:\NetBeans-16\netbeans\java\modules\ext\spring-3.0\spring-oxm-3.2.18.RELEASE.jar;E:\NetBeans-16\netbeans\java\modules\ext\spring-3.0\spring-struts-3.2.18.RELEASE.jar;E:\NetBeans-16\netbeans\java\modules\ext\spring-3.0\spring-test-3.2.18.RELEASE.jar;E:\NetBeans-16\netbeans\java\modules\ext\spring-3.0\spring-tx-3.2.18.RELEASE.jar;E:\NetBeans-16\netbeans\java\modules\ext\spring-3.0\spring-web-3.2.18.RELEASE.jar;E:\NetBeans-16\netbeans\java\modules\ext\spring-3.0\spring-webmvc-3.2.18.RELEASE.jar;E:\NetBeans-16\netbeans\java\modules\ext\spring-3.0\spring-webmvc-portlet-3.2.18.RELEASE.jar" />
    <property name="libs.jsp-compiler.maven-pom" value="" />
    <property name="libs.junit_5.maven-pom" value="" />
    <property name="libs.hamcrest.src" value="" />
    <property name="run.jvmargs" value="" />
    <property name="libs.JAXB-ENDORSED.src" value="" />
    <property name="dist.archive.excludes" value="" />
    <property name="libs.testng.javadoc" value="E:\NetBeans-16\netbeans\platform\docs\testng-6.13.1-javadoc.jar" />
    <property name="user.script" value="" />
    <property name="libs.PostgreSQLDriver.classpath" value="E:\NetBeans-16\netbeans\ide\modules\ext\postgresql-42.2.16.jar" />
    <property name="libs.jsf12.maven-pom" value="" />
    <property name="annotation.processing.source.output" value="build/generated-sources/ap-source-output" />
    <property name="main.class" value="com.khoabd.mathuil.main.Main" />
    <property name="libs.CopyLibs.src" value="" />
    <property name="build.dir" value="build" />
    <property name="libs.jsp-compilation.classpath" value="E:\NetBeans-16\netbeans\extide\ant\lib\ant.jar;E:\NetBeans-16\netbeans\enterprise\modules\ext\servlet3.1-jsp2.3-api.jar;E:\NetBeans-16\netbeans\enterprise\modules\ext\glassfish-jspparser-4.0.jar;E:\NetBeans-16\netbeans\enterprise\modules\ext\jsf-2_2\javax.faces.jar;E:\NetBeans-16\netbeans\enterprise\modules\ext\jstl-api.jar;E:\NetBeans-16\netbeans\extide\ant\lib\ant-launcher.jar" />
    <property name="libs.javaee-web-api-8.0.javadoc" value="E:\NetBeans-16\netbeans\enterprise\docs\javaee-doc-api.jar" />
    <property name="debug.modulepath" value="" />
    <property name="ant.version" value="Apache Ant(TM) version 1.10.8 compiled on May 10 2020" />
    <property name="file.encoding" value="Cp1252" />
    <property name="build.classes.excludes" value="**/*.java,**/*.form" />
    <property name="jdkBug6558476" value="false" />
    <property name="javadoc.nonavbar" value="false" />
    <property name="libs.spring-webmvc4.0.classpath" value="E:\NetBeans-16\netbeans\java\modules\ext\spring-4\spring-webmvc-4.3.29.RELEASE.jar" />
    <property name="platform.active" value="default_platform" />
    <property name="libs.javaee-web-api-8.0.maven-pom" value="" />
    <property name="awt.toolkit" value="sun.awt.windows.WToolkit" />
    <property name="libs.javaee-web-api-7.0.javadoc" value="E:\NetBeans-16\netbeans\enterprise\docs\javaee-doc-api.jar" />
  </properties>
  <testcase classname="com.khoabd.mathutil.core.test.MathUtilityTest" name="testFactorialGivenWrongArgumentThrowsException" time="0.007" />
  <testcase classname="com.khoabd.mathutil.core.test.MathUtilityTest" name="testFactorialGivenRightArgumentReturnWell" time="0.0" />
  <system-out><![CDATA[]]></system-out>
  <system-err><![CDATA[]]></system-err>
</testsuite>
